<?xml version="1.0" encoding="UTF-8"?>
<testng-results total="1" passed="1" failed="0" skipped="0">
  <reporter-output>
  </reporter-output>
  <suite started-at="2020-10-12T07:09:42Z" name="Default suite" finished-at="2020-10-12T07:10:42Z" duration-ms="59911">
    <groups>
    </groups>
    <test started-at="2020-10-12T07:09:42Z" name="Default test" finished-at="2020-10-12T07:10:42Z" duration-ms="59911">
      <class name="com.gdr.qa.testCases.UserPageTests">
        <test-method is-config="true" signature="setUp()[pri:0, instance:com.gdr.qa.testCases.UserPageTests@156b88f5]" started-at="2020-10-12T12:39:42Z" name="setUp" finished-at="2020-10-12T12:40:14Z" duration-ms="31880" status="PASS">
          <reporter-output>
          </reporter-output>
        </test-method> <!-- setUp -->
        <test-method signature="InviteAdmin()[pri:0, instance:com.gdr.qa.testCases.UserPageTests@156b88f5]" started-at="2020-10-12T12:40:14Z" name="InviteAdmin" finished-at="2020-10-12T12:40:42Z" duration-ms="28014" status="PASS">
          <reporter-output>
          </reporter-output>
        </test-method> <!-- InviteAdmin -->
        <test-method is-config="true" signature="tearDown()[pri:0, instance:com.gdr.qa.testCases.UserPageTests@156b88f5]" started-at="2020-10-12T12:40:42Z" name="tearDown" finished-at="2020-10-12T12:40:42Z" duration-ms="1" status="PASS">
          <reporter-output>
          </reporter-output>
        </test-method> <!-- tearDown -->
      </class> <!-- com.gdr.qa.testCases.UserPageTests -->
    </test> <!-- Default test -->
  </suite> <!-- Default suite -->
</testng-results>
